<?xml version="1.0" encoding="UTF-8"?>
<testng-results ignored="0" total="1" passed="1" failed="0" skipped="0">
  <reporter-output>
  </reporter-output>
  <suite started-at="2023-09-28T00:11:33Z" name="Default suite" finished-at="2023-09-28T00:11:47Z" duration-ms="14395">
    <groups>
    </groups>
    <test started-at="2023-09-28T00:11:33Z" name="Default test" finished-at="2023-09-28T00:11:47Z" duration-ms="14395">
      <class name="com.herokuapp.theinternet.PositiveTests">
        <test-method signature="firstTest()[pri:0, instance:com.herokuapp.theinternet.PositiveTests@79dc5318]" started-at="2023-09-28T00:11:33Z" name="firstTest" finished-at="2023-09-28T00:11:47Z" duration-ms="14382" status="PASS">
          <reporter-output>
          </reporter-output>
        </test-method> <!-- firstTest -->
      </class> <!-- com.herokuapp.theinternet.PositiveTests -->
    </test> <!-- Default test -->
  </suite> <!-- Default suite -->
</testng-results>
