<?xml version="1.0" encoding="UTF-8"?>
<!-- Generated by org.testng.reporters.JUnitXMLReporter -->
<testsuite ignored="0" hostname="Salos-MacBook-Air.local" failures="0" tests="2" name="Default test" time="39.032" errors="0" timestamp="01 Oct 2023 15:37:58 GMT">
  <testcase classname="com.herokuapp.theinternet.negativeTest" name="incorrectPassword" time="19.513"/>
  <testcase classname="com.herokuapp.theinternet.negativeTest" name="incorrectUserName" time="19.508"/>
</testsuite> <!-- Default test -->
